

 << Logging to file resumes >> 

Tue Dec 10, 2019 20:03:56: Loaded macro file: C:\Program Files (x86)\IAR Systems\Embedded Workbench 8.3\arm\config\debugger\TexasInstruments\TM4C129.dmac
Tue Dec 10, 2019 20:03:56: Connecting to TI Stellaris (Probe no: 0F00D0E0)
Tue Dec 10, 2019 20:03:56: JTAG Speed is set to: 500 kHz
Tue Dec 10, 2019 20:03:56: JTAG IDCODE      = 0x0BA00477
Tue Dec 10, 2019 20:03:56: AHB-AP ID        = 0x00000000
Tue Dec 10, 2019 20:03:56: AHB-AP ROM       = 0x00000000
Tue Dec 10, 2019 20:03:56: ROM Component ID = 0x00000000
Tue Dec 10, 2019 20:03:56: Device ID        = 0x00000000 (Unknown)
Tue Dec 10, 2019 20:03:56: Software reset was performed
Tue Dec 10, 2019 20:03:56: Initial reset was performed
Tue Dec 10, 2019 20:03:57: 1024 bytes downloaded (9.17 Kbytes/sec)
Tue Dec 10, 2019 20:03:57: Loaded debugee: C:\Program Files (x86)\IAR Systems\Embedded Workbench 8.3\arm\config\flashloader\TexasInstruments\FlashTC4_256KB.out
Tue Dec 10, 2019 20:03:57: Target reset
Tue Dec 10, 2019 20:03:58: Downloaded C:\Users\Lucas S. Kloss Teles\Dev\SistemasEmbarcados\EK-TM4C1294_IAR8\Projects\Lab3_G09\Debug\Exe\Lab3_G09.out to flash memory.
Tue Dec 10, 2019 20:03:58: 12199 bytes downloaded into FLASH (8.49 Kbytes/sec)
Tue Dec 10, 2019 20:03:58: Software reset was performed
Tue Dec 10, 2019 20:03:58: 12199 bytes downloaded into FLASH (9.30 Kbytes/sec)
Tue Dec 10, 2019 20:03:58: Loaded debugee: C:\Users\Lucas S. Kloss Teles\Dev\SistemasEmbarcados\EK-TM4C1294_IAR8\Projects\Lab3_G09\Debug\Exe\Lab3_G09.out
Tue Dec 10, 2019 20:03:58: Software reset was performed
Tue Dec 10, 2019 20:03:58: Target reset
